\BOOKMARK [1][-]{section*.1}{\376\377\144\130\211\201}{}% 1
\BOOKMARK [1][-]{section*.2}{\376\377\000A\000b\000s\000t\000r\000a\000c\000t}{}% 2
\BOOKMARK [1][-]{section.1}{\376\377\176\352\213\272}{}% 3
\BOOKMARK [2][-]{subsection.1.1}{\376\377\220\011\230\230\200\314\146\157\116\016\141\017\116\111}{section.1}% 4
\BOOKMARK [2][-]{subsection.1.2}{\376\377\213\272\145\207\121\205\133\271\116\016\142\020\147\234}{section.1}% 5
\BOOKMARK [2][-]{subsection.1.3}{\376\377\213\272\145\207\176\323\147\204}{section.1}% 6
\BOOKMARK [1][-]{section.2}{\376\377\166\370\121\163\167\345\213\306\176\374\217\360}{}% 7
\BOOKMARK [2][-]{subsection.2.1}{\376\377\217\320\204\045\125\106\177\121\176\334\217\320\176\364\163\260\162\266\116\313\176\315}{section.2}% 8
\BOOKMARK [2][-]{subsection.2.2}{\376\377\145\160\143\156\143\026\143\230\166\370\121\163\142\200\147\057\151\202\217\360}{section.2}% 9
\BOOKMARK [3][-]{subsubsection.2.2.1}{\376\377\131\047\145\160\143\156\221\307\226\306\142\200\147\057\151\202\217\360}{subsection.2.2}% 10
\BOOKMARK [3][-]{subsubsection.2.2.2}{\376\377\131\047\145\160\143\156\133\130\120\250\142\200\147\057\151\202\217\360}{subsection.2.2}% 11
\BOOKMARK [3][-]{subsubsection.2.2.3}{\376\377\131\047\145\160\143\156\124\110\163\260\142\200\147\057\151\202\217\360}{subsection.2.2}% 12
\BOOKMARK [2][-]{subsection.2.3}{\376\377\147\054\172\340\134\017\176\323}{section.2}% 13
\BOOKMARK [1][-]{section.3}{\376\377\171\373\122\250\177\121\176\334\145\160\143\156\143\026\143\230\136\224\165\050\166\204\213\276\213\241\116\016\133\236\163\260}{}% 14
\BOOKMARK [2][-]{subsection.3.1}{\376\377\174\373\176\337\227\000\154\102\122\006\147\220\116\016\213\276\213\241}{section.3}% 15
\BOOKMARK [3][-]{subsubsection.3.1.1}{\376\377\145\160\143\156\156\220\122\006\136\003\116\313\176\315}{subsection.3.1}% 16
\BOOKMARK [3][-]{subsubsection.3.1.2}{\376\377\174\373\176\337\227\000\154\102\122\006\147\220}{subsection.3.1}% 17
\BOOKMARK [3][-]{subsubsection.3.1.3}{\376\377\174\373\176\337\145\164\117\123\213\276\213\241}{subsection.3.1}% 18
\BOOKMARK [2][-]{subsection.3.2}{\376\377\145\160\143\156\221\307\226\306\123\312\133\130\120\250\220\350\122\006\166\204\213\276\213\241\116\016\133\236\163\260}{section.3}% 19
\BOOKMARK [3][-]{subsubsection.3.2.1}{\376\377\121\167\117\123\227\000\154\102\122\006\147\220}{subsection.3.2}% 20
\BOOKMARK [3][-]{subsubsection.3.2.2}{\376\377\213\276\213\241\116\016\133\236\163\260}{subsection.3.2}% 21
\BOOKMARK [2][-]{subsection.3.3}{\376\377\145\160\143\156\124\110\163\260\220\350\122\006\166\204\213\276\213\241\116\016\133\236\163\260}{section.3}% 22
\BOOKMARK [3][-]{subsubsection.3.3.1}{\376\377\121\167\117\123\227\000\154\102\122\006\147\220}{subsection.3.3}% 23
\BOOKMARK [3][-]{subsubsection.3.3.2}{\376\377\213\276\213\241\116\016\133\236\163\260}{subsection.3.3}% 24
\BOOKMARK [2][-]{subsection.3.4}{\376\377\145\160\143\156\122\006\147\220\136\224\165\050\116\076\117\213}{section.3}% 25
\BOOKMARK [2][-]{subsection.3.5}{\376\377\147\054\172\340\134\017\176\323}{section.3}% 26
\BOOKMARK [1][-]{section.4}{\376\377\140\073\176\323\116\016\134\125\147\033}{}% 27
\BOOKMARK [2][-]{subsection.4.1}{\376\377\213\272\145\207\135\345\117\134\140\073\176\323}{section.4}% 28
\BOOKMARK [2][-]{subsection.4.2}{\376\377\147\052\147\145\135\345\117\134\134\125\147\033}{section.4}% 29
\BOOKMARK [1][-]{section*.24}{\376\377\201\364\214\042}{}% 30
